INFO-
INFO-		Unigraphics Version NX V8.5 to AutoCAD 2004
INFO-		
INFO-
INFO-		Running UGTODXF Translator .....
INFO-
INFO-		Start of Translation: Thu Apr 30 11:00:27 2015
INFO-
STATUS-		Converting C:\Users\Eric\AppData\Local\Temp\Eric2360DA81mqyn.prt
STATUS-
SUMMARY-
SUMMARY-	Summary of Unigraphics Input Entities
SUMMARY-	For Unigraphics File: C:\Users\Eric\AppData\Local\Temp\Eric2360DA81mqyn.prt
SUMMARY-	------------------------------------------------------------------
SUMMARY-	Entity Type					Count
SUMMARY-	------------------------------------------------------------------
SUMMARY-	Line .....................................:	36
SUMMARY-	Circle ......................................:	16
SUMMARY-	------------------------------------------------------------------
SUMMARY-	Total ....................................:	52
SUMMARY-	------------------------------------------------------------------
SUMMARY-
STATUS-
INFO-
INFO-		Writing File: D:\Eric\HexCycler_v2.0\HexCycler\bot_plate.dxf
SUMMARY-	Summary of AutoCAD Output Entities
SUMMARY-	------------------------------------------------------------------
SUMMARY-	Entity Type					Count
SUMMARY-	------------------------------------------------------------------
SUMMARY-	Circle ...................................:	16
SUMMARY-	Line .....................................:	36
SUMMARY-	Layout ...................................:	6
SUMMARY-	------------------------------------------------------------------
SUMMARY-	Total ....................................:	58
SUMMARY-	------------------------------------------------------------------
SUMMARY-
INFO-
INFO-		End of Translation: Thu Apr 30 11:00:57 2015
INFO-		Translation CPU time: 0 m, 30 sINFO-
