INFO-
INFO-		Unigraphics Version NX V8.5 to AutoCAD 2004
INFO-		
INFO-
INFO-		Running UGTODXF Translator .....
INFO-
INFO-		Start of Translation: Tue Apr 28 12:05:01 2015
INFO-
STATUS-		Converting C:\Users\Eric\AppData\Local\Temp\Eric2B647C31j6ce.prt
STATUS-
SUMMARY-
SUMMARY-	Summary of Unigraphics Input Entities
SUMMARY-	For Unigraphics File: C:\Users\Eric\AppData\Local\Temp\Eric2B647C31j6ce.prt
SUMMARY-	------------------------------------------------------------------
SUMMARY-	Entity Type					Count
SUMMARY-	------------------------------------------------------------------
SUMMARY-	Line .....................................:	36
SUMMARY-	Arc ......................................:	2
SUMMARY-	Circle ......................................:	7
SUMMARY-	------------------------------------------------------------------
SUMMARY-	Total ....................................:	45
SUMMARY-	------------------------------------------------------------------
SUMMARY-
STATUS-
INFO-
INFO-		Writing File: D:\Eric\HexCycler_v2.0\HexCycler\motor_holder.dxf
SUMMARY-	Summary of AutoCAD Output Entities
SUMMARY-	------------------------------------------------------------------
SUMMARY-	Entity Type					Count
SUMMARY-	------------------------------------------------------------------
SUMMARY-	Arc ......................................:	2
SUMMARY-	Circle ...................................:	7
SUMMARY-	Line .....................................:	36
SUMMARY-	Layout ...................................:	6
SUMMARY-	------------------------------------------------------------------
SUMMARY-	Total ....................................:	51
SUMMARY-	------------------------------------------------------------------
SUMMARY-
INFO-
INFO-		End of Translation: Tue Apr 28 12:05:31 2015
INFO-		Translation CPU time: 0 m, 30 sINFO-
