INFO-
INFO-		Unigraphics Version NX V8.5 to AutoCAD 2004
INFO-		
INFO-
INFO-		Running UGTODXF Translator .....
INFO-
INFO-		Start of Translation: Mon May 04 13:14:32 2015
INFO-
STATUS-		Converting C:\Users\Eric\AppData\Local\Temp\Eric29C08F03udgq.prt
STATUS-
SUMMARY-
SUMMARY-	Summary of Unigraphics Input Entities
SUMMARY-	For Unigraphics File: C:\Users\Eric\AppData\Local\Temp\Eric29C08F03udgq.prt
SUMMARY-	------------------------------------------------------------------
SUMMARY-	Entity Type					Count
SUMMARY-	------------------------------------------------------------------
SUMMARY-	Line .....................................:	40
SUMMARY-	Arc ......................................:	24
SUMMARY-	Circle ......................................:	16
SUMMARY-	------------------------------------------------------------------
SUMMARY-	Total ....................................:	80
SUMMARY-	------------------------------------------------------------------
SUMMARY-
STATUS-
INFO-
INFO-		Writing File: D:\Eric\HexCycler_v2.0\HexCycler\top_plate.dxf
SUMMARY-	Summary of AutoCAD Output Entities
SUMMARY-	------------------------------------------------------------------
SUMMARY-	Entity Type					Count
SUMMARY-	------------------------------------------------------------------
SUMMARY-	Arc ......................................:	24
SUMMARY-	Circle ...................................:	16
SUMMARY-	Line .....................................:	40
SUMMARY-	Layout ...................................:	6
SUMMARY-	------------------------------------------------------------------
SUMMARY-	Total ....................................:	86
SUMMARY-	------------------------------------------------------------------
SUMMARY-
INFO-
INFO-		End of Translation: Mon May 04 13:14:32 2015
INFO-		Translation CPU time: 0 m, 1 sINFO-
