INFO-
INFO-		Unigraphics Version NX V8.5 to AutoCAD 2004
INFO-		
INFO-
INFO-		Running UGTODXF Translator .....
INFO-
INFO-		Start of Translation: Mon May 04 12:36:42 2015
INFO-
STATUS-		Converting C:\Users\Eric\AppData\Local\Temp\Eric20FC58B2u9qd.prt
STATUS-
SUMMARY-
SUMMARY-	Summary of Unigraphics Input Entities
SUMMARY-	For Unigraphics File: C:\Users\Eric\AppData\Local\Temp\Eric20FC58B2u9qd.prt
SUMMARY-	------------------------------------------------------------------
SUMMARY-	Entity Type					Count
SUMMARY-	------------------------------------------------------------------
SUMMARY-	Line .....................................:	1
SUMMARY-	Arc ......................................:	1
SUMMARY-	Circle ......................................:	2
SUMMARY-	------------------------------------------------------------------
SUMMARY-	Total ....................................:	4
SUMMARY-	------------------------------------------------------------------
SUMMARY-
STATUS-
INFO-
INFO-		Writing File: D:\Eric\HexCycler_v2.0\HexCycler\yoke_disc.dxf
SUMMARY-	Summary of AutoCAD Output Entities
SUMMARY-	------------------------------------------------------------------
SUMMARY-	Entity Type					Count
SUMMARY-	------------------------------------------------------------------
SUMMARY-	Arc ......................................:	1
SUMMARY-	Circle ...................................:	2
SUMMARY-	Line .....................................:	1
SUMMARY-	Layout ...................................:	6
SUMMARY-	------------------------------------------------------------------
SUMMARY-	Total ....................................:	10
SUMMARY-	------------------------------------------------------------------
SUMMARY-
INFO-
INFO-		End of Translation: Mon May 04 12:37:12 2015
INFO-		Translation CPU time: 0 m, 30 sINFO-
